###############################################################################
#
# IAR ANSI C/C++ Compiler V8.40.2.214/W32 for ARM         12/Mar/2021  20:57:00
# Copyright 1999-2019 IAR Systems AB.
#
#    Cpu mode     =  
#    Endian       =  little
#    Source file  =
#        C:\IAR Proj\RtosWrapper\AHardware\IrqController\irqcontroller.cpp
#    Command line =
#        -f C:\Users\super\AppData\Local\Temp\EW735A.tmp ("C:\IAR
#        Proj\RtosWrapper\AHardware\IrqController\irqcontroller.cpp" -lC
#        "C:\IAR Proj\RtosWrapper\Debug\List" -lA "C:\IAR
#        Proj\RtosWrapper\Debug\List" -o "C:\IAR Proj\RtosWrapper\Debug\Obj"
#        --no_cse --no_unroll --no_inline --no_code_motion --no_tbaa
#        --no_clustering --no_scheduling --debug --endian=little
#        --cpu=Cortex-M4 -e --fpu=VFPv4_sp --dlib_config
#        D:\Games\IAR\arm\inc\c\DLib_Config_Normal.h -I "C:\IAR
#        Proj\RtosWrapper\Rtos\" -I "C:\IAR Proj\RtosWrapper\Rtos\wrapper\" -I
#        "C:\IAR Proj\RtosWrapper\Rtos\wrapper\FreeRtos\" -I "C:\IAR
#        Proj\RtosWrapper\Rtos\FreeRtos\" -I "C:\IAR
#        Proj\RtosWrapper\Rtos\FreeRtos\include\" -I "C:\IAR
#        Proj\RtosWrapper\Rtos\FreeRtos\portable\" -I "C:\IAR
#        Proj\RtosWrapper\Rtos\FreeRtos\portable\Common\" -I "C:\IAR
#        Proj\RtosWrapper\Rtos\FreeRtos\portable\IAR\" -I "C:\IAR
#        Proj\RtosWrapper\Rtos\FreeRtos\portable\IAR\ARM_CM4F\" -I "C:\IAR
#        Proj\RtosWrapper\Rtos\FreeRtos\portable\MemMang\" -I "C:\IAR
#        Proj\RtosWrapper\MyTasks\" -I "C:\IAR Proj\RtosWrapper\Common\" -I
#        "C:\IAR Proj\RtosWrapper\CMSIS\" -I "C:\IAR
#        Proj\RtosWrapper\Application\" -I "C:\IAR
#        Proj\RtosWrapper\Application\Diagnostic\" -I "C:\IAR
#        Proj\RtosWrapper\AHardware\" -I "C:\IAR
#        Proj\RtosWrapper\AHardware\GpioPort\" -I "C:\IAR
#        Proj\RtosWrapper\AHardware\IrqController\" -I "C:\IAR
#        Proj\RtosWrapper\..\CortexLib\AbstractHardware\Pin\" -I "C:\IAR
#        Proj\RtosWrapper\..\CortexLib\AbstractHardware\Registers\STM32F411\FieldValues\"
#        -I "C:\IAR
#        Proj\RtosWrapper\..\CortexLib\AbstractHardware\Registers\STM32F411\"
#        -I "C:\IAR Proj\RtosWrapper\..\CortexLib\AbstractHardware\Registers\"
#        -I "C:\IAR Proj\RtosWrapper\..\CortexLib\AbstractHardware\Port\" -I
#        "C:\IAR Proj\RtosWrapper\..\CortexLib\AbstractHardware\Atomic\" -I
#        "C:\IAR Proj\RtosWrapper\..\CortexLib\Common\" -I "C:\IAR
#        Proj\RtosWrapper\..\CortexLib\Common\Singleton\" -I "C:\IAR
#        Proj\RtosWrapper\..\CortexLib\Common\RomObject\" -I "C:\IAR
#        Proj\RtosWrapper\AHardware\STM32F411\FieldValues\" -I "C:\IAR
#        Proj\RtosWrapper\AHardware\CortexM4\" -I
#        C:\Users\User\Desktop\RtosWrapper\AHardware\CortexM4\FieldValues\ -I
#        "C:\IAR Proj\RtosWrapper\AHardware\CortexM4\" -I "C:\IAR
#        Proj\RtosWrapper\AHardware\STM32F411\" -Ol --c++ --no_exceptions
#        --no_rtti)
#    Locale       =  C
#    List file    =  C:\IAR Proj\RtosWrapper\Debug\List\irqcontroller.lst
#    Object file  =  C:\IAR Proj\RtosWrapper\Debug\Obj\irqcontroller.o
#
###############################################################################

C:\IAR Proj\RtosWrapper\AHardware\IrqController\irqcontroller.cpp
      1          //
      2          // Created by Sergey on 27.08.2018.
      3          //
      4          #include "irqcontroller.hpp"
      5          #include "../../Application/userbutton.hpp"
      6          

   \                                 In section .text, align 2, keep-with-next
      7          void IrqController::HandleIrqExtiLine15_10()
      8          {
      9            //EXTI->PR = EXTI_PR_PR13 ;
     10            //UserButton::GetInstance().HandleInterrupt();
     11          }
   \                     _ZN13IrqController22HandleIrqExtiLine15_10Ev: (+1)
   \        0x0   0x4770             BX       LR               ;; return

   Maximum stack usage in bytes:

   .cstack Function
   ------- --------
       0   IrqController::HandleIrqExtiLine15_10()


   Section sizes:

   Bytes  Function/Label
   -----  --------------
       2  IrqController::HandleIrqExtiLine15_10()

 
 2 bytes in section .text
 
 2 bytes of CODE memory

Errors: none
Warnings: none
